<?xml version="1.0" encoding="UTF-8"?>
<!-- Generated by org.testng.reporters.JUnitReportReporter -->
<testsuite hostname="DESKTOP-C2F882H" failures="0" tests="2" name="com.qa.tests.ProductsTest" time="22.959" errors="0" timestamp="2023-07-26T17:27:32 PKT" skipped="0">
  <testcase classname="com.qa.tests.ProductsTest" name="validProductOnProductDetailPage" time="14.782"/>
  <testcase classname="com.qa.tests.ProductsTest" name="validProductOnProductsPage" time="8.177"/>
</testsuite> <!-- com.qa.tests.ProductsTest -->
