<?xml version="1.0" encoding="UTF-8"?>
<!-- Generated by org.testng.reporters.JUnitReportReporter -->
<testsuite hostname="DESKTOP-C2F882H" failures="0" tests="3" name="com.qa.tests.LoginTest" time="24.308" errors="0" timestamp="2023-07-26T17:27:32 PKT" skipped="0">
  <testcase classname="com.qa.tests.LoginTest" name="invalidUserName" time="4.316"/>
  <testcase classname="com.qa.tests.LoginTest" name="invalidPassword" time="11.000"/>
  <testcase classname="com.qa.tests.LoginTest" name="successfullLogin" time="8.992"/>
</testsuite> <!-- com.qa.tests.LoginTest -->
