<?xml version="1.0" encoding="UTF-8"?>
<!-- Generated by org.testng.reporters.JUnitReportReporter -->
<testsuite hostname="DESKTOP-C2F882H" failures="0" tests="1" name="com.qa.BaseTest" time="22.920" errors="1" timestamp="2023-07-12T17:41:45 PKT" skipped="0">
  <testcase classname="com.qa.BaseTest" name="beforeTest" time="22.920">
    <error message="Could not start a new session. Response code 500. Message: An unknown server-side error occurred while processing the command. Original error: Cannot start the &#039;com.swaglabsmobilea&#039; application. Consider checking the driver&#039;s troubleshooting documentation. Original error: Cannot start the &#039;com.swaglabsmobilea&#039; application. Consider checking the driver&#039;s troubleshooting documentation. Original error: Activity name &#039;.com.swaglabsmobileapp.MainActivi&#039; used to start the app doesn&#039;t exist or cannot be launched! Make sure it exists and is a launchable activity 
Host info: host: &#039;DESKTOP-C2F882H&#039;, ip: &#039;10.5.0.2&#039;
Build info: version: &#039;4.10.0&#039;, revision: &#039;c14d967899&#039;
System info: os.name: &#039;Windows 10&#039;, os.arch: &#039;amd64&#039;, os.version: &#039;10.0&#039;, java.version: &#039;17.0.7&#039;
Driver info: io.appium.java_client.android.AndroidDriver
Command: [null, newSession {capabilities=[{appium:app=C:\Users\WORLD\eclipse-workspace\TDDFramework\src\test\resources\app/Android.SauceLabs.Mobile.Sample.app.apk, appium:appActivity=com.swaglabsmobileapp.MainActivi, appium:appPackage=com.swaglabsmobilea, appium:automationName=Uiautomator2, platformName=ANDROID, appium:udid=emulator-5554}], desiredCapabilities=Capabilities {app: C:\Users\WORLD\eclipse-work..., appActivity: com.swaglabsmobileapp.MainA..., appPackage: com.swaglabsmobilea, automationName: Uiautomator2, platformName: ANDROID, udid: emulator-5554}}]
Capabilities {app: C:\Users\WORLD\eclipse-work..., appActivity: com.swaglabsmobileapp.MainA..., appPackage: com.swaglabsmobilea, automationName: Uiautomator2, platformName: ANDROID, udid: emulator-5554}" type="org.openqa.selenium.SessionNotCreatedException">
      <![CDATA[org.openqa.selenium.SessionNotCreatedException: Could not start a new session. Response code 500. Message: An unknown server-side error occurred while processing the command. Original error: Cannot start the 'com.swaglabsmobilea' application. Consider checking the driver's troubleshooting documentation. Original error: Cannot start the 'com.swaglabsmobilea' application. Consider checking the driver's troubleshooting documentation. Original error: Activity name '.com.swaglabsmobileapp.MainActivi' used to start the app doesn't exist or cannot be launched! Make sure it exists and is a launchable activity 
Host info: host: 'DESKTOP-C2F882H', ip: '10.5.0.2'
Build info: version: '4.10.0', revision: 'c14d967899'
System info: os.name: 'Windows 10', os.arch: 'amd64', os.version: '10.0', java.version: '17.0.7'
Driver info: io.appium.java_client.android.AndroidDriver
Command: [null, newSession {capabilities=[{appium:app=C:\Users\WORLD\eclipse-workspace\TDDFramework\src\test\resources\app/Android.SauceLabs.Mobile.Sample.app.apk, appium:appActivity=com.swaglabsmobileapp.MainActivi, appium:appPackage=com.swaglabsmobilea, appium:automationName=Uiautomator2, platformName=ANDROID, appium:udid=emulator-5554}], desiredCapabilities=Capabilities {app: C:\Users\WORLD\eclipse-work..., appActivity: com.swaglabsmobileapp.MainA..., appPackage: com.swaglabsmobilea, automationName: Uiautomator2, platformName: ANDROID, udid: emulator-5554}}]
Capabilities {app: C:\Users\WORLD\eclipse-work..., appActivity: com.swaglabsmobileapp.MainA..., appPackage: com.swaglabsmobilea, automationName: Uiautomator2, platformName: ANDROID, udid: emulator-5554}
at org.openqa.selenium.remote.ProtocolHandshake.createSession(ProtocolHandshake.java:140)
at java.base/jdk.internal.reflect.NativeMethodAccessorImpl.invoke0(Native Method)
at java.base/jdk.internal.reflect.NativeMethodAccessorImpl.invoke(NativeMethodAccessorImpl.java:77)
at java.base/jdk.internal.reflect.DelegatingMethodAccessorImpl.invoke(DelegatingMethodAccessorImpl.java:43)
at java.base/java.lang.reflect.Method.invoke(Method.java:568)
at io.appium.java_client.remote.AppiumProtocolHandshake.createSession(AppiumProtocolHandshake.java:133)
at io.appium.java_client.remote.AppiumProtocolHandshake.createSession(AppiumProtocolHandshake.java:102)
at io.appium.java_client.remote.AppiumCommandExecutor.createSession(AppiumCommandExecutor.java:182)
at io.appium.java_client.remote.AppiumCommandExecutor.execute(AppiumCommandExecutor.java:250)
at org.openqa.selenium.remote.RemoteWebDriver.execute(RemoteWebDriver.java:531)
at io.appium.java_client.AppiumDriver.startSession(AppiumDriver.java:274)
at org.openqa.selenium.remote.RemoteWebDriver.<init>(RemoteWebDriver.java:154)
at io.appium.java_client.AppiumDriver.<init>(AppiumDriver.java:89)
at io.appium.java_client.AppiumDriver.<init>(AppiumDriver.java:101)
at io.appium.java_client.android.AndroidDriver.<init>(AndroidDriver.java:113)
at com.qa.BaseTest.beforeTest(BaseTest.java:46)
at java.base/jdk.internal.reflect.NativeMethodAccessorImpl.invoke0(Native Method)
at java.base/jdk.internal.reflect.NativeMethodAccessorImpl.invoke(NativeMethodAccessorImpl.java:77)
at java.base/jdk.internal.reflect.DelegatingMethodAccessorImpl.invoke(DelegatingMethodAccessorImpl.java:43)
at java.base/java.lang.reflect.Method.invoke(Method.java:568)
at org.testng.internal.invokers.MethodInvocationHelper.invokeMethod(MethodInvocationHelper.java:139)
at org.testng.internal.invokers.MethodInvocationHelper.invokeMethodConsideringTimeout(MethodInvocationHelper.java:69)
at org.testng.internal.invokers.ConfigInvoker.invokeConfigurationMethod(ConfigInvoker.java:390)
at org.testng.internal.invokers.ConfigInvoker.invokeConfigurations(ConfigInvoker.java:325)
at org.testng.TestRunner.invokeTestConfigurations(TestRunner.java:663)
at org.testng.TestRunner.beforeRun(TestRunner.java:652)
at org.testng.TestRunner.run(TestRunner.java:614)
at org.testng.SuiteRunner.runTest(SuiteRunner.java:443)
at org.testng.SuiteRunner.runSequentially(SuiteRunner.java:437)
at org.testng.SuiteRunner.privateRun(SuiteRunner.java:397)
at org.testng.SuiteRunner.run(SuiteRunner.java:336)
at org.testng.SuiteRunnerWorker.runSuite(SuiteRunnerWorker.java:52)
at org.testng.SuiteRunnerWorker.run(SuiteRunnerWorker.java:95)
at org.testng.TestNG.runSuitesSequentially(TestNG.java:1280)
at org.testng.TestNG.runSuitesLocally(TestNG.java:1200)
at org.testng.TestNG.runSuites(TestNG.java:1114)
at org.testng.TestNG.run(TestNG.java:1082)
at org.testng.remote.AbstractRemoteTestNG.run(AbstractRemoteTestNG.java:115)
at org.testng.remote.RemoteTestNG.initAndRun(RemoteTestNG.java:251)
at org.testng.remote.RemoteTestNG.main(RemoteTestNG.java:77)
]]>
    </error>
  </testcase> <!-- beforeTest -->
</testsuite> <!-- com.qa.BaseTest -->
