<?xml version="1.0" encoding="UTF-8"?>
<!-- Generated by org.testng.reporters.JUnitReportReporter -->
<testsuite hostname="DESKTOP-C2F882H" failures="0" tests="3" name="com.qa.tests.LoginTest" time="21.727" errors="0" timestamp="2023-08-01T18:19:12 PKT" skipped="0">
  <testcase classname="com.qa.tests.LoginTest" name="invalidUserName" time="3.513"/>
  <testcase classname="com.qa.tests.LoginTest" name="successfullLogin" time="7.904"/>
  <testcase classname="com.qa.tests.LoginTest" name="invalidPassword" time="10.310"/>
</testsuite> <!-- com.qa.tests.LoginTest -->
