<?xml version="1.0" encoding="UTF-8"?>
<!-- Generated by org.testng.reporters.JUnitReportReporter -->
<testsuite hostname="DESKTOP-C2F882H" failures="0" tests="2" name="com.qa.tests.ProductsTest" time="25.568" errors="0" timestamp="2023-08-01T18:19:12 PKT" skipped="0">
  <testcase classname="com.qa.tests.ProductsTest" name="validProductOnProductDetailPage" time="15.647"/>
  <testcase classname="com.qa.tests.ProductsTest" name="validProductOnProductsPage" time="9.921"/>
</testsuite> <!-- com.qa.tests.ProductsTest -->
